[debug] [2026-02-24T17:15:28.286Z] ----------------------------------------------------------------------
[debug] [2026-02-24T17:15:28.290Z] Command:       /home/udit/.nvm/versions/node/v24.14.0/bin/node /home/udit/.nvm/versions/node/v24.14.0/bin/firebase init
[debug] [2026-02-24T17:15:28.291Z] CLI Version:   15.7.0
[debug] [2026-02-24T17:15:28.291Z] Platform:      linux
[debug] [2026-02-24T17:15:28.291Z] Node Version:  v24.14.0
[debug] [2026-02-24T17:15:28.291Z] Time:          Tue Feb 24 2026 22:45:28 GMT+0530 (India Standard Time)
[debug] [2026-02-24T17:15:28.291Z] ----------------------------------------------------------------------
[debug] 
[info] 
     ######## #### ########  ######## ########     ###     ######  ########
     ##        ##  ##     ## ##       ##     ##  ##   ##  ##       ##
     ######    ##  ########  ######   ########  #########  ######  ######
     ##        ##  ##    ##  ##       ##     ## ##     ##       ## ##
     ##       #### ##     ## ######## ########  ##     ##  ######  ########

You're about to initialize a Firebase project in this directory:

  /home/udit/Desktop/ai-smart-recruitment-platform/backend

[debug] [2026-02-24T17:15:35.801Z] ExitPromptError: User force closed the prompt with SIGINT
    at Interface.sigint (/home/udit/.nvm/versions/node/v24.14.0/lib/node_modules/firebase-tools/node_modules/@inquirer/core/dist/commonjs/lib/create-prompt.js:101:37)
    at Interface.emit (node:events:508:28)
    at [_ttyWrite] [as _ttyWrite] (node:internal/readline/interface:1327:18)
    at ReadStream.onkeypress (node:internal/readline/interface:284:20)
    at ReadStream.emit (node:events:520:35)
    at emitKeys (node:internal/readline/utils:371:14)
    at emitKeys.next (<anonymous>)
    at ReadStream.onData (node:internal/readline/emitKeypressEvents:64:36)
    at ReadStream.emit (node:events:508:28)
    at addChunk (node:internal/streams/readable:563:12)
[error] 
[error] Error: An unexpected error has occurred.
